TN:
SF:src/Entities/Auth.ts
FN:11,(anonymous_8)
FN:15,(anonymous_9)
FN:21,(anonymous_10)
FN:25,(anonymous_12)
FN:30,(anonymous_13)
FN:35,(anonymous_14)
FNF:6
FNH:6
FNDA:1,(anonymous_8)
FNDA:3,(anonymous_9)
FNDA:1,(anonymous_10)
FNDA:4,(anonymous_12)
FNDA:4,(anonymous_13)
FNDA:2,(anonymous_14)
DA:2,1
DA:3,1
DA:5,1
DA:7,1
DA:12,1
DA:16,3
DA:22,1
DA:26,4
DA:27,4
DA:31,4
DA:32,4
DA:36,2
DA:42,2
DA:43,1
DA:44,1
DA:45,1
DA:47,2
LF:17
LH:17
BRDA:42,0,0,1
BRDA:42,1,0,2
BRDA:42,1,1,2
BRF:3
BRH:3
end_of_record
